Arguments: 
  C:\Program Files\nodejs\node.exe C:\Program Files (x86)\Yarn\bin\yarn.js start

PATH: 
  C:\WINDOWS\system32;C:\WINDOWS;C:\WINDOWS\System32\Wbem;C:\WINDOWS\System32\WindowsPowerShell\v1.0\;C:\Program Files\TortoiseSVN\bin;C:\Users\Oleh_Lustenko\AppData\Roaming\nvm;C:\Program Files\nodejs;C:\Program Files (x86)\GitExtensions\;C:\Program Files (x86)\Skype\Phone\;C:\Program Files\Git\cmd;C:\Program Files\Git\mingw64\bin;C:\Program Files\Git\usr\bin;C:\Program Files (x86)\Yarn\bin;C:\Program Files\dotnet\;%USERPROFILE%\AppData\Local\Microsoft\WindowsApps;C:\Program Files\Microsoft VS Code\bin;%NVM_HOME%;%NVM_SYMLINK%;C:\Program Files\Microsoft VS Code Insiders\bin;C:\Users\Oleh_Lustenko\AppData\Local\Yarn\bin;C:\Users\Oleh_Lustenko\AppData\Local\hyper\app-2.0.0\resources\bin

Yarn version: 
  1.4.0

Node version: 
  8.10.0

Platform: 
  win32 x64

npm manifest: 
  {
    "name": "webpack-alias",
    "version": "1.0.0",
    "main": "index.js",
    "license": "MIT",
    "dependencies": {
      "webpack": "^4.1.1",
      "webpack-cli": "^2.0.12"
    },
    "scripts": {
      "start": "webpack-dev-server --hot"
    },
    "devDependencies": {
      "webpack-dev-server": "^3.1.3"
    }
  }

yarn manifest: 
  No manifest

Lockfile: 
  No lockfile

Trace: 
  Error: Command failed.
  Exit code: 1
  Command: C:\WINDOWS\system32\cmd.exe
  Arguments: /d /s /c webpack-dev-server --hot
  Directory: C:\main\projects\webpack_nested-rebuild\nested
  Output:
  
      at ProcessTermError.MessageError (C:\Program Files (x86)\Yarn\lib\cli.js:186:110)
      at new ProcessTermError (C:\Program Files (x86)\Yarn\lib\cli.js:226:113)
      at ChildProcess.<anonymous> (C:\Program Files (x86)\Yarn\lib\cli.js:30822:17)
      at emitTwo (events.js:126:13)
      at ChildProcess.emit (events.js:214:7)
      at maybeClose (internal/child_process.js:925:16)
      at Process.ChildProcess._handle.onexit (internal/child_process.js:209:5)
